mode: set
github.com/mvrdgs/bootcamp-go-dh/dia10/internal/products/service.go:14.47,16.16 2 1
github.com/mvrdgs/bootcamp-go-dh/dia10/internal/products/service.go:20.2,20.16 1 1
github.com/mvrdgs/bootcamp-go-dh/dia10/internal/products/service.go:16.16,18.3 1 1
github.com/mvrdgs/bootcamp-go-dh/dia10/internal/products/service.go:23.87,25.16 2 1
github.com/mvrdgs/bootcamp-go-dh/dia10/internal/products/service.go:29.2,32.16 3 1
github.com/mvrdgs/bootcamp-go-dh/dia10/internal/products/service.go:36.2,36.21 1 1
github.com/mvrdgs/bootcamp-go-dh/dia10/internal/products/service.go:25.16,27.3 1 0
github.com/mvrdgs/bootcamp-go-dh/dia10/internal/products/service.go:32.16,34.3 1 0
github.com/mvrdgs/bootcamp-go-dh/dia10/internal/products/service.go:39.96,41.2 1 0
github.com/mvrdgs/bootcamp-go-dh/dia10/internal/products/service.go:43.68,45.2 1 1
github.com/mvrdgs/bootcamp-go-dh/dia10/internal/products/service.go:47.40,49.2 1 1
github.com/mvrdgs/bootcamp-go-dh/dia10/internal/products/service.go:51.39,55.2 1 1
github.com/mvrdgs/bootcamp-go-dh/dia10/internal/products/repository.go:32.50,35.16 3 1
github.com/mvrdgs/bootcamp-go-dh/dia10/internal/products/repository.go:38.2,38.16 1 1
github.com/mvrdgs/bootcamp-go-dh/dia10/internal/products/repository.go:35.16,37.3 1 1
github.com/mvrdgs/bootcamp-go-dh/dia10/internal/products/repository.go:41.98,48.16 3 1
github.com/mvrdgs/bootcamp-go-dh/dia10/internal/products/repository.go:51.2,53.39 3 1
github.com/mvrdgs/bootcamp-go-dh/dia10/internal/products/repository.go:56.2,56.15 1 1
github.com/mvrdgs/bootcamp-go-dh/dia10/internal/products/repository.go:48.16,50.3 1 0
github.com/mvrdgs/bootcamp-go-dh/dia10/internal/products/repository.go:53.39,55.3 1 0
github.com/mvrdgs/bootcamp-go-dh/dia10/internal/products/repository.go:59.44,61.39 2 1
github.com/mvrdgs/bootcamp-go-dh/dia10/internal/products/repository.go:65.2,65.18 1 1
github.com/mvrdgs/bootcamp-go-dh/dia10/internal/products/repository.go:69.2,69.30 1 0
github.com/mvrdgs/bootcamp-go-dh/dia10/internal/products/repository.go:61.39,63.3 1 0
github.com/mvrdgs/bootcamp-go-dh/dia10/internal/products/repository.go:65.18,67.3 1 1
github.com/mvrdgs/bootcamp-go-dh/dia10/internal/products/repository.go:72.99,74.39 2 0
github.com/mvrdgs/bootcamp-go-dh/dia10/internal/products/repository.go:78.2,86.20 3 0
github.com/mvrdgs/bootcamp-go-dh/dia10/internal/products/repository.go:93.2,93.14 1 0
github.com/mvrdgs/bootcamp-go-dh/dia10/internal/products/repository.go:97.2,97.39 1 0
github.com/mvrdgs/bootcamp-go-dh/dia10/internal/products/repository.go:100.2,100.15 1 0
github.com/mvrdgs/bootcamp-go-dh/dia10/internal/products/repository.go:74.39,76.3 1 0
github.com/mvrdgs/bootcamp-go-dh/dia10/internal/products/repository.go:86.20,87.21 1 0
github.com/mvrdgs/bootcamp-go-dh/dia10/internal/products/repository.go:87.21,91.4 3 0
github.com/mvrdgs/bootcamp-go-dh/dia10/internal/products/repository.go:93.14,95.3 1 0
github.com/mvrdgs/bootcamp-go-dh/dia10/internal/products/repository.go:97.39,99.3 1 0
github.com/mvrdgs/bootcamp-go-dh/dia10/internal/products/repository.go:103.71,105.39 2 1
github.com/mvrdgs/bootcamp-go-dh/dia10/internal/products/repository.go:109.2,111.20 3 1
github.com/mvrdgs/bootcamp-go-dh/dia10/internal/products/repository.go:119.2,119.14 1 1
github.com/mvrdgs/bootcamp-go-dh/dia10/internal/products/repository.go:123.2,123.39 1 1
github.com/mvrdgs/bootcamp-go-dh/dia10/internal/products/repository.go:127.2,127.15 1 1
github.com/mvrdgs/bootcamp-go-dh/dia10/internal/products/repository.go:105.39,107.3 1 0
github.com/mvrdgs/bootcamp-go-dh/dia10/internal/products/repository.go:111.20,112.21 1 1
github.com/mvrdgs/bootcamp-go-dh/dia10/internal/products/repository.go:112.21,116.4 3 1
github.com/mvrdgs/bootcamp-go-dh/dia10/internal/products/repository.go:119.14,121.3 1 1
github.com/mvrdgs/bootcamp-go-dh/dia10/internal/products/repository.go:123.39,125.3 1 0
github.com/mvrdgs/bootcamp-go-dh/dia10/internal/products/repository.go:130.43,132.39 2 1
github.com/mvrdgs/bootcamp-go-dh/dia10/internal/products/repository.go:136.2,138.20 3 1
github.com/mvrdgs/bootcamp-go-dh/dia10/internal/products/repository.go:145.2,145.14 1 1
github.com/mvrdgs/bootcamp-go-dh/dia10/internal/products/repository.go:149.2,150.39 2 1
github.com/mvrdgs/bootcamp-go-dh/dia10/internal/products/repository.go:153.2,153.12 1 1
github.com/mvrdgs/bootcamp-go-dh/dia10/internal/products/repository.go:132.39,134.3 1 0
github.com/mvrdgs/bootcamp-go-dh/dia10/internal/products/repository.go:138.20,139.21 1 1
github.com/mvrdgs/bootcamp-go-dh/dia10/internal/products/repository.go:139.21,142.4 2 1
github.com/mvrdgs/bootcamp-go-dh/dia10/internal/products/repository.go:145.14,147.3 1 0
github.com/mvrdgs/bootcamp-go-dh/dia10/internal/products/repository.go:150.39,152.3 1 0
github.com/mvrdgs/bootcamp-go-dh/dia10/internal/products/repository.go:156.47,160.2 1 1
